<?xml version="1.0" encoding="UTF-8"?>
<robot generator="Robot 4.1.3 (Python 3.8.10 on linux)" generated="20220403 19:39:50.355" rpa="false" schemaversion="2">
<suite id="s1" name="CASE001" source="/media/martuu/GARETH/QA/TEST CASE 2/AUTOMATION TESTING/CASE001.robot">
<test id="s1-t1" name="002 - FUNCIONALIDAD DEL BOTÓN 'Dresses'">
<kw name="Open Browser" library="SeleniumLibrary">
<arg>${URL}</arg>
<arg>${browser}</arg>
<doc>Opens a new browser instance to the optional ``url``.</doc>
<msg timestamp="20220403 19:39:50.526" level="INFO">Opening browser 'firefox' to base url 'http://automationpractice.com/index.php'.</msg>
<msg timestamp="20220403 19:39:50.527" level="INFO">Firefox driver log is always forced to to: /media/martuu/GARETH/QA/TEST CASE 2/AUTOMATION TESTING/geckodriver-8.log</msg>
<status status="PASS" starttime="20220403 19:39:50.525" endtime="20220403 19:39:57.358"/>
</kw>
<kw name="Wait Until Element Is Visible" library="SeleniumLibrary">
<arg>xpath=/html/body/div/div[1]/header/div[3]/div/div/div[1]/a/img</arg>
<doc>Waits until the element ``locator`` is visible.</doc>
<status status="PASS" starttime="20220403 19:39:57.358" endtime="20220403 19:39:57.467"/>
</kw>
<kw name="Click Element" library="SeleniumLibrary">
<arg>xpath=/html/body/div/div[1]/header/div[3]/div/div/div[6]/ul/li[1]/a</arg>
<doc>Click the element identified by ``locator``.</doc>
<msg timestamp="20220403 19:39:57.468" level="INFO">Clicking element 'xpath=/html/body/div/div[1]/header/div[3]/div/div/div[6]/ul/li[1]/a'.</msg>
<status status="PASS" starttime="20220403 19:39:57.468" endtime="20220403 19:40:02.753"/>
</kw>
<kw name="Wait Until Element Is Visible" library="SeleniumLibrary">
<arg>xpath=/html/body/div/div[2]/div/div[3]/div[2]/div[1]/div</arg>
<doc>Waits until the element ``locator`` is visible.</doc>
<status status="PASS" starttime="20220403 19:40:02.753" endtime="20220403 19:40:07.052"/>
</kw>
<kw name="Click Element" library="SeleniumLibrary">
<arg>xpath=/html/body/div/div[2]/div/div[3]/div[1]/div[1]/div/ul/li[2]/a</arg>
<doc>Click the element identified by ``locator``.</doc>
<msg timestamp="20220403 19:40:07.052" level="INFO">Clicking element 'xpath=/html/body/div/div[2]/div/div[3]/div[1]/div[1]/div/ul/li[2]/a'.</msg>
<status status="PASS" starttime="20220403 19:40:07.052" endtime="20220403 19:40:12.321"/>
</kw>
<kw name="Set Focus To Element" library="SeleniumLibrary">
<arg>xpath=/html/body/div/div[2]/div/div[3]/div[2]/ul/li[1]/div/div[2]/h5/a</arg>
<doc>Sets the focus to the element identified by ``locator``.</doc>
<status status="PASS" starttime="20220403 19:40:12.322" endtime="20220403 19:40:12.345"/>
</kw>
<kw name="Page Should Not Contain" library="SeleniumLibrary">
<arg>css=html body#category.category.category-5.category-tshirts.hide-right-column.lang_en div#page div.columns-container div#columns.container div.row div#center_column.center_column.col-xs-12.col-sm-9 ul.product_list.grid.row li.ajax_block_product.col-xs-12.col-sm-6.col-md-4.first-in-line.last-line.first-item-of-tablet-line.first-item-of-mobile-line.last-mobile-line div.product-container div.right-block h5 a.product-name</arg>
<doc>Verifies the current page does not contain ``text``.</doc>
<msg timestamp="20220403 19:40:12.370" level="INFO">Current page does not contain text 'css=html body#category.category.category-5.category-tshirts.hide-right-column.lang_en div#page div.columns-container div#columns.container div.row div#center_column.center_column.col-xs-12.col-sm-9 ul.product_list.grid.row li.ajax_block_product.col-xs-12.col-sm-6.col-md-4.first-in-line.last-line.first-item-of-tablet-line.first-item-of-mobile-line.last-mobile-line div.product-container div.right-block h5 a.product-name'.</msg>
<status status="PASS" starttime="20220403 19:40:12.345" endtime="20220403 19:40:12.370"/>
</kw>
<kw name="Close Browser" library="SeleniumLibrary">
<doc>Closes the current browser.</doc>
<status status="PASS" starttime="20220403 19:40:12.371" endtime="20220403 19:40:14.744"/>
</kw>
<status status="PASS" starttime="20220403 19:39:50.524" endtime="20220403 19:40:14.744"/>
</test>
<doc>Test Cases in Firefox
by Martuu</doc>
<status status="PASS" starttime="20220403 19:39:50.356" endtime="20220403 19:40:14.745"/>
</suite>
<statistics>
<total>
<stat pass="1" fail="0" skip="0">All Tests</stat>
</total>
<tag>
</tag>
<suite>
<stat pass="1" fail="0" skip="0" id="s1" name="CASE001">CASE001</stat>
</suite>
</statistics>
<errors>
</errors>
</robot>
